ims-app-android/app/build/intermediates/manifest_merge_blame_file/debug/processDebugMainManifest/manifest-merger-blame-debug-report.txt
1<?xml version="1.0" encoding="utf-8"?>
2<manifest xmlns:android="http://schemas.android.com/apk/res/android"
3    package="com.ttrims.ims.debug"
4    android:versionCode="1"
5    android:versionName="1.0.0" >
6
7    <uses-sdk
8        android:minSdkVersion="26"
9        android:targetSdkVersion="34" />
10
11    <!-- Network & Internet permissions -->
12    <uses-permission android:name="android.permission.INTERNET" />
12-->src\main\AndroidManifest.xml:5:5-67
12-->src\main\AndroidManifest.xml:5:22-64
13    <uses-permission android:name="android.permission.ACCESS_NETWORK_STATE" />
13-->src\main\AndroidManifest.xml:6:5-79
13-->src\main\AndroidManifest.xml:6:22-76
14
15    <!-- Location permissions -->
16    <uses-permission android:name="android.permission.ACCESS_FINE_LOCATION" />
16-->src\main\AndroidManifest.xml:9:5-79
16-->src\main\AndroidManifest.xml:9:22-76
17    <uses-permission android:name="android.permission.ACCESS_COARSE_LOCATION" />
17-->src\main\AndroidManifest.xml:10:5-81
17-->src\main\AndroidManifest.xml:10:22-78
18    <uses-permission android:name="android.permission.ACCESS_BACKGROUND_LOCATION" />
18-->src\main\AndroidManifest.xml:11:5-85
18-->src\main\AndroidManifest.xml:11:22-82
19
20    <!-- Wake Lock for background GPS loop -->
21    <uses-permission android:name="android.permission.WAKE_LOCK" />
21-->src\main\AndroidManifest.xml:14:5-68
21-->src\main\AndroidManifest.xml:14:22-65
22
23    <!-- Post Notifications (Android 13+) -->
24    <uses-permission android:name="android.permission.POST_NOTIFICATIONS" />
24-->src\main\AndroidManifest.xml:17:5-77
24-->src\main\AndroidManifest.xml:17:22-74
25
26    <!-- Foreground Service permissions -->
27    <uses-permission android:name="android.permission.FOREGROUND_SERVICE" />
27-->src\main\AndroidManifest.xml:20:5-77
27-->src\main\AndroidManifest.xml:20:22-74
28    <uses-permission android:name="android.permission.FOREGROUND_SERVICE_LOCATION" />
28-->src\main\AndroidManifest.xml:21:5-86
28-->src\main\AndroidManifest.xml:21:22-83
29    <uses-permission android:name="android.permission.FOREGROUND_SERVICE_DATA_SYNC" />
29-->src\main\AndroidManifest.xml:22:5-87
29-->src\main\AndroidManifest.xml:22:22-84
30
31    <!-- Battery & Startup permissions -->
32    <uses-permission android:name="android.permission.REQUEST_IGNORE_BATTERY_OPTIMIZATIONS" />
32-->src\main\AndroidManifest.xml:25:5-95
32-->src\main\AndroidManifest.xml:25:22-92
33    <uses-permission android:name="android.permission.RECEIVE_BOOT_COMPLETED" />
33-->src\main\AndroidManifest.xml:26:5-81
33-->src\main\AndroidManifest.xml:26:22-78
34    <uses-permission android:name="android.permission.SCHEDULE_EXACT_ALARM" />
34-->src\main\AndroidManifest.xml:27:5-79
34-->src\main\AndroidManifest.xml:27:22-76
35    <uses-permission android:name="android.permission.USE_EXACT_ALARM" />
35-->src\main\AndroidManifest.xml:28:5-74
35-->src\main\AndroidManifest.xml:28:22-71
36
37    <permission
37-->[androidx.core:core:1.13.1] AndroidManifest.xml:22:5-24:47
38        android:name="com.ttrims.ims.debug.DYNAMIC_RECEIVER_NOT_EXPORTED_PERMISSION"
38-->[androidx.core:core:1.13.1] AndroidManifest.xml:23:9-81
39        android:protectionLevel="signature" />
39-->[androidx.core:core:1.13.1] AndroidManifest.xml:24:9-44
40
41    <uses-permission android:name="com.ttrims.ims.debug.DYNAMIC_RECEIVER_NOT_EXPORTED_PERMISSION" />
41-->[androidx.core:core:1.13.1] AndroidManifest.xml:26:5-97
41-->[androidx.core:core:1.13.1] AndroidManifest.xml:26:22-94
42    <uses-permission android:name="android.permission.CAMERA" /> <!-- Don't require camera, as this requires a rear camera. This allows it to work on the Nexus 7 -->
42-->[com.journeyapps:zxing-android-embedded:4.3.0] AndroidManifest.xml:22:5-65
42-->[com.journeyapps:zxing-android-embedded:4.3.0] AndroidManifest.xml:22:22-62
43    <uses-feature
43-->[com.journeyapps:zxing-android-embedded:4.3.0] AndroidManifest.xml:25:5-27:36
44        android:name="android.hardware.camera"
44-->[com.journeyapps:zxing-android-embedded:4.3.0] AndroidManifest.xml:26:9-47
45        android:required="false" />
45-->[com.journeyapps:zxing-android-embedded:4.3.0] AndroidManifest.xml:27:9-33
46    <uses-feature
46-->[com.journeyapps:zxing-android-embedded:4.3.0] AndroidManifest.xml:28:5-30:36
47        android:name="android.hardware.camera.front"
47-->[com.journeyapps:zxing-android-embedded:4.3.0] AndroidManifest.xml:29:9-53
48        android:required="false" /> <!-- TODO replace above two with next line after Android 4.2 -->
48-->[com.journeyapps:zxing-android-embedded:4.3.0] AndroidManifest.xml:30:9-33
49    <!-- <uses-feature android:name="android.hardware.camera.any"/> -->
50    <uses-feature
50-->[com.journeyapps:zxing-android-embedded:4.3.0] AndroidManifest.xml:33:5-35:36
51        android:name="android.hardware.camera.autofocus"
51-->[com.journeyapps:zxing-android-embedded:4.3.0] AndroidManifest.xml:34:9-57
52        android:required="false" />
52-->[com.journeyapps:zxing-android-embedded:4.3.0] AndroidManifest.xml:35:9-33
53    <uses-feature
53-->[com.journeyapps:zxing-android-embedded:4.3.0] AndroidManifest.xml:36:5-38:36
54        android:name="android.hardware.camera.flash"
54-->[com.journeyapps:zxing-android-embedded:4.3.0] AndroidManifest.xml:37:9-53
55        android:required="false" />
55-->[com.journeyapps:zxing-android-embedded:4.3.0] AndroidManifest.xml:38:9-33
56    <uses-feature
56-->[com.journeyapps:zxing-android-embedded:4.3.0] AndroidManifest.xml:39:5-41:36
57        android:name="android.hardware.screen.landscape"
57-->[com.journeyapps:zxing-android-embedded:4.3.0] AndroidManifest.xml:40:9-57
58        android:required="false" />
58-->[com.journeyapps:zxing-android-embedded:4.3.0] AndroidManifest.xml:41:9-33
59    <uses-feature
59-->[com.journeyapps:zxing-android-embedded:4.3.0] AndroidManifest.xml:42:5-44:36
60        android:name="android.hardware.wifi"
60-->[com.journeyapps:zxing-android-embedded:4.3.0] AndroidManifest.xml:43:9-45
61        android:required="false" />
61-->[com.journeyapps:zxing-android-embedded:4.3.0] AndroidManifest.xml:44:9-33
62
63    <application
63-->src\main\AndroidManifest.xml:30:5-102:19
64        android:allowBackup="true"
64-->src\main\AndroidManifest.xml:31:9-35
65        android:appComponentFactory="androidx.core.app.CoreComponentFactory"
65-->[androidx.core:core:1.13.1] AndroidManifest.xml:28:18-86
66        android:debuggable="true"
67        android:extractNativeLibs="false"
68        android:icon="@mipmap/ic_launcher"
68-->src\main\AndroidManifest.xml:32:9-43
69        android:label="TTRIMS IMS"
69-->src\main\AndroidManifest.xml:33:9-35
70        android:roundIcon="@mipmap/ic_launcher_round"
70-->src\main\AndroidManifest.xml:34:9-54
71        android:supportsRtl="false"
71-->src\main\AndroidManifest.xml:35:9-36
72        android:theme="@style/Theme.TTRIMSDriver"
72-->src\main\AndroidManifest.xml:36:9-50
73        android:usesCleartextTraffic="true" >
73-->src\main\AndroidManifest.xml:37:9-44
74
75        <!-- Splash Activity (Entry Point) -->
76        <activity
76-->src\main\AndroidManifest.xml:40:9-49:20
77            android:name="com.ttrims.ims.SplashActivity"
77-->src\main\AndroidManifest.xml:41:13-43
78            android:exported="true"
78-->src\main\AndroidManifest.xml:42:13-36
79            android:noHistory="true"
79-->src\main\AndroidManifest.xml:44:13-37
80            android:theme="@style/Theme.TTRIMSDriver.Splash" >
80-->src\main\AndroidManifest.xml:43:13-61
81            <intent-filter>
81-->src\main\AndroidManifest.xml:45:13-48:29
82                <action android:name="android.intent.action.MAIN" />
82-->src\main\AndroidManifest.xml:46:17-69
82-->src\main\AndroidManifest.xml:46:25-66
83
84                <category android:name="android.intent.category.LAUNCHER" />
84-->src\main\AndroidManifest.xml:47:17-77
84-->src\main\AndroidManifest.xml:47:27-74
85            </intent-filter>
86        </activity>
87
88        <!-- Login Activity -->
89        <activity
89-->src\main\AndroidManifest.xml:52:9-55:58
90            android:name="com.ttrims.ims.LoginActivity"
90-->src\main\AndroidManifest.xml:53:13-42
91            android:exported="false"
91-->src\main\AndroidManifest.xml:54:13-37
92            android:windowSoftInputMode="adjustResize" />
92-->src\main\AndroidManifest.xml:55:13-55
93
94        <!-- Router MainActivity (decides driver vs console) -->
95        <activity
95-->src\main\AndroidManifest.xml:58:9-60:40
96            android:name="com.ttrims.ims.MainActivity"
96-->src\main\AndroidManifest.xml:59:13-41
97            android:exported="false" />
97-->src\main\AndroidManifest.xml:60:13-37
98
99        <!-- Console (Warehouse/Admin) Main UI -->
100        <activity
100-->src\main\AndroidManifest.xml:63:9-66:55
101            android:name="com.ttrims.ims.ConsoleMainActivity"
101-->src\main\AndroidManifest.xml:64:13-48
102            android:exported="false"
102-->src\main\AndroidManifest.xml:65:13-37
103            android:windowSoftInputMode="adjustPan" />
103-->src\main\AndroidManifest.xml:66:13-52
104
105        <!-- Driver (Logistics) Main UI -->
106        <activity
106-->src\main\AndroidManifest.xml:69:9-72:55
107            android:name="com.ttrims.ims.DriverMainActivity"
107-->src\main\AndroidManifest.xml:70:13-47
108            android:exported="false"
108-->src\main\AndroidManifest.xml:71:13-37
109            android:windowSoftInputMode="adjustPan" />
109-->src\main\AndroidManifest.xml:72:13-52
110
111        <!-- Background Location Service -->
112        <service
112-->src\main\AndroidManifest.xml:75:9-80:65
113            android:name="com.ttrims.ims.services.LocationService"
113-->src\main\AndroidManifest.xml:76:13-53
114            android:enabled="true"
114-->src\main\AndroidManifest.xml:77:13-35
115            android:exported="false"
115-->src\main\AndroidManifest.xml:79:13-37
116            android:foregroundServiceType="location|dataSync"
116-->src\main\AndroidManifest.xml:80:13-62
117            android:stopWithTask="false" />
117-->src\main\AndroidManifest.xml:78:13-41
118
119        <!-- Boot receiver — restarts GPS service after device reboot or app update -->
120        <receiver
120-->src\main\AndroidManifest.xml:83:9-91:20
121            android:name="com.ttrims.ims.services.BootReceiver"
121-->src\main\AndroidManifest.xml:84:13-50
122            android:exported="false" >
122-->src\main\AndroidManifest.xml:85:13-37
123            <intent-filter>
123-->src\main\AndroidManifest.xml:86:13-90:29
124                <action android:name="android.intent.action.BOOT_COMPLETED" />
124-->src\main\AndroidManifest.xml:87:17-79
124-->src\main\AndroidManifest.xml:87:25-76
125                <action android:name="android.intent.action.QUICKBOOT_POWERON" />
125-->src\main\AndroidManifest.xml:88:17-82
125-->src\main\AndroidManifest.xml:88:25-79
126                <action android:name="android.intent.action.MY_PACKAGE_REPLACED" />
126-->src\main\AndroidManifest.xml:89:17-84
126-->src\main\AndroidManifest.xml:89:25-81
127            </intent-filter>
128        </receiver>
129
130        <!-- AlarmManager watchdog receiver — checks every 60s if tracking service is alive -->
131        <receiver
131-->src\main\AndroidManifest.xml:94:9-100:20
132            android:name="com.ttrims.ims.services.TrackingWatchdog"
132-->src\main\AndroidManifest.xml:95:13-54
133            android:exported="false" >
133-->src\main\AndroidManifest.xml:96:13-37
134            <intent-filter>
134-->src\main\AndroidManifest.xml:97:13-99:29
135                <action android:name="com.ttrims.ims.TRACKING_WATCHDOG" />
135-->src\main\AndroidManifest.xml:98:17-75
135-->src\main\AndroidManifest.xml:98:25-72
136            </intent-filter>
137        </receiver>
138
139        <provider
139-->[androidx.work:work-runtime:2.9.0] AndroidManifest.xml:29:9-37:20
140            android:name="androidx.startup.InitializationProvider"
140-->[androidx.work:work-runtime:2.9.0] AndroidManifest.xml:30:13-67
141            android:authorities="com.ttrims.ims.debug.androidx-startup"
141-->[androidx.work:work-runtime:2.9.0] AndroidManifest.xml:31:13-68
142            android:exported="false" >
142-->[androidx.work:work-runtime:2.9.0] AndroidManifest.xml:32:13-37
143            <meta-data
143-->[androidx.work:work-runtime:2.9.0] AndroidManifest.xml:34:13-36:52
144                android:name="androidx.work.WorkManagerInitializer"
144-->[androidx.work:work-runtime:2.9.0] AndroidManifest.xml:35:17-68
145                android:value="androidx.startup" />
145-->[androidx.work:work-runtime:2.9.0] AndroidManifest.xml:36:17-49
146            <meta-data
146-->[androidx.emoji2:emoji2:1.3.0] AndroidManifest.xml:29:13-31:52
147                android:name="androidx.emoji2.text.EmojiCompatInitializer"
147-->[androidx.emoji2:emoji2:1.3.0] AndroidManifest.xml:30:17-75
148                android:value="androidx.startup" />
148-->[androidx.emoji2:emoji2:1.3.0] AndroidManifest.xml:31:17-49
149            <meta-data
149-->[androidx.lifecycle:lifecycle-process:2.6.2] AndroidManifest.xml:29:13-31:52
150                android:name="androidx.lifecycle.ProcessLifecycleInitializer"
150-->[androidx.lifecycle:lifecycle-process:2.6.2] AndroidManifest.xml:30:17-78
151                android:value="androidx.startup" />
151-->[androidx.lifecycle:lifecycle-process:2.6.2] AndroidManifest.xml:31:17-49
152            <meta-data
152-->[androidx.profileinstaller:profileinstaller:1.3.1] AndroidManifest.xml:29:13-31:52
153                android:name="androidx.profileinstaller.ProfileInstallerInitializer"
153-->[androidx.profileinstaller:profileinstaller:1.3.1] AndroidManifest.xml:30:17-85
154                android:value="androidx.startup" />
154-->[androidx.profileinstaller:profileinstaller:1.3.1] AndroidManifest.xml:31:17-49
155        </provider>
156
157        <service
157-->[androidx.work:work-runtime:2.9.0] AndroidManifest.xml:39:9-45:35
158            android:name="androidx.work.impl.background.systemalarm.SystemAlarmService"
158-->[androidx.work:work-runtime:2.9.0] AndroidManifest.xml:40:13-88
159            android:directBootAware="false"
159-->[androidx.work:work-runtime:2.9.0] AndroidManifest.xml:41:13-44
160            android:enabled="@bool/enable_system_alarm_service_default"
160-->[androidx.work:work-runtime:2.9.0] AndroidManifest.xml:42:13-72
161            android:exported="false" />
161-->[androidx.work:work-runtime:2.9.0] AndroidManifest.xml:43:13-37
162        <service
162-->[androidx.work:work-runtime:2.9.0] AndroidManifest.xml:46:9-52:35
163            android:name="androidx.work.impl.background.systemjob.SystemJobService"
163-->[androidx.work:work-runtime:2.9.0] AndroidManifest.xml:47:13-84
164            android:directBootAware="false"
164-->[androidx.work:work-runtime:2.9.0] AndroidManifest.xml:48:13-44
165            android:enabled="@bool/enable_system_job_service_default"
165-->[androidx.work:work-runtime:2.9.0] AndroidManifest.xml:49:13-70
166            android:exported="true"
166-->[androidx.work:work-runtime:2.9.0] AndroidManifest.xml:50:13-36
167            android:permission="android.permission.BIND_JOB_SERVICE" />
167-->[androidx.work:work-runtime:2.9.0] AndroidManifest.xml:51:13-69
168        <service
168-->[androidx.work:work-runtime:2.9.0] AndroidManifest.xml:53:9-59:35
169            android:name="androidx.work.impl.foreground.SystemForegroundService"
169-->[androidx.work:work-runtime:2.9.0] AndroidManifest.xml:54:13-81
170            android:directBootAware="false"
170-->[androidx.work:work-runtime:2.9.0] AndroidManifest.xml:55:13-44
171            android:enabled="@bool/enable_system_foreground_service_default"
171-->[androidx.work:work-runtime:2.9.0] AndroidManifest.xml:56:13-77
172            android:exported="false" />
172-->[androidx.work:work-runtime:2.9.0] AndroidManifest.xml:57:13-37
173
174        <receiver
174-->[androidx.work:work-runtime:2.9.0] AndroidManifest.xml:61:9-66:35
175            android:name="androidx.work.impl.utils.ForceStopRunnable$BroadcastReceiver"
175-->[androidx.work:work-runtime:2.9.0] AndroidManifest.xml:62:13-88
176            android:directBootAware="false"
176-->[androidx.work:work-runtime:2.9.0] AndroidManifest.xml:63:13-44
177            android:enabled="true"
177-->[androidx.work:work-runtime:2.9.0] AndroidManifest.xml:64:13-35
178            android:exported="false" />
178-->[androidx.work:work-runtime:2.9.0] AndroidManifest.xml:65:13-37
179        <receiver
179-->[androidx.work:work-runtime:2.9.0] AndroidManifest.xml:67:9-77:20
180            android:name="androidx.work.impl.background.systemalarm.ConstraintProxy$BatteryChargingProxy"
180-->[androidx.work:work-runtime:2.9.0] AndroidManifest.xml:68:13-106
181            android:directBootAware="false"
181-->[androidx.work:work-runtime:2.9.0] AndroidManifest.xml:69:13-44
182            android:enabled="false"
182-->[androidx.work:work-runtime:2.9.0] AndroidManifest.xml:70:13-36
183            android:exported="false" >
183-->[androidx.work:work-runtime:2.9.0] AndroidManifest.xml:71:13-37
184            <intent-filter>
184-->[androidx.work:work-runtime:2.9.0] AndroidManifest.xml:73:13-76:29
185                <action android:name="android.intent.action.ACTION_POWER_CONNECTED" />
185-->[androidx.work:work-runtime:2.9.0] AndroidManifest.xml:74:17-87
185-->[androidx.work:work-runtime:2.9.0] AndroidManifest.xml:74:25-84
186                <action android:name="android.intent.action.ACTION_POWER_DISCONNECTED" />
186-->[androidx.work:work-runtime:2.9.0] AndroidManifest.xml:75:17-90
186-->[androidx.work:work-runtime:2.9.0] AndroidManifest.xml:75:25-87
187            </intent-filter>
188        </receiver>
189        <receiver
189-->[androidx.work:work-runtime:2.9.0] AndroidManifest.xml:78:9-88:20
190            android:name="androidx.work.impl.background.systemalarm.ConstraintProxy$BatteryNotLowProxy"
190-->[androidx.work:work-runtime:2.9.0] AndroidManifest.xml:79:13-104
191            android:directBootAware="false"
191-->[androidx.work:work-runtime:2.9.0] AndroidManifest.xml:80:13-44
192            android:enabled="false"
192-->[androidx.work:work-runtime:2.9.0] AndroidManifest.xml:81:13-36
193            android:exported="false" >
193-->[androidx.work:work-runtime:2.9.0] AndroidManifest.xml:82:13-37
194            <intent-filter>
194-->[androidx.work:work-runtime:2.9.0] AndroidManifest.xml:84:13-87:29
195                <action android:name="android.intent.action.BATTERY_OKAY" />
195-->[androidx.work:work-runtime:2.9.0] AndroidManifest.xml:85:17-77
195-->[androidx.work:work-runtime:2.9.0] AndroidManifest.xml:85:25-74
196                <action android:name="android.intent.action.BATTERY_LOW" />
196-->[androidx.work:work-runtime:2.9.0] AndroidManifest.xml:86:17-76
196-->[androidx.work:work-runtime:2.9.0] AndroidManifest.xml:86:25-73
197            </intent-filter>
198        </receiver>
199        <receiver
199-->[androidx.work:work-runtime:2.9.0] AndroidManifest.xml:89:9-99:20
200            android:name="androidx.work.impl.background.systemalarm.ConstraintProxy$StorageNotLowProxy"
200-->[androidx.work:work-runtime:2.9.0] AndroidManifest.xml:90:13-104
201            android:directBootAware="false"
201-->[androidx.work:work-runtime:2.9.0] AndroidManifest.xml:91:13-44
202            android:enabled="false"
202-->[androidx.work:work-runtime:2.9.0] AndroidManifest.xml:92:13-36
203            android:exported="false" >
203-->[androidx.work:work-runtime:2.9.0] AndroidManifest.xml:93:13-37
204            <intent-filter>
204-->[androidx.work:work-runtime:2.9.0] AndroidManifest.xml:95:13-98:29
205                <action android:name="android.intent.action.DEVICE_STORAGE_LOW" />
205-->[androidx.work:work-runtime:2.9.0] AndroidManifest.xml:96:17-83
205-->[androidx.work:work-runtime:2.9.0] AndroidManifest.xml:96:25-80
206                <action android:name="android.intent.action.DEVICE_STORAGE_OK" />
206-->[androidx.work:work-runtime:2.9.0] AndroidManifest.xml:97:17-82
206-->[androidx.work:work-runtime:2.9.0] AndroidManifest.xml:97:25-79
207            </intent-filter>
208        </receiver>
209        <receiver
209-->[androidx.work:work-runtime:2.9.0] AndroidManifest.xml:100:9-109:20
210            android:name="androidx.work.impl.background.systemalarm.ConstraintProxy$NetworkStateProxy"
210-->[androidx.work:work-runtime:2.9.0] AndroidManifest.xml:101:13-103
211            android:directBootAware="false"
211-->[androidx.work:work-runtime:2.9.0] AndroidManifest.xml:102:13-44
212            android:enabled="false"
212-->[androidx.work:work-runtime:2.9.0] AndroidManifest.xml:103:13-36
213            android:exported="false" >
213-->[androidx.work:work-runtime:2.9.0] AndroidManifest.xml:104:13-37
214            <intent-filter>
214-->[androidx.work:work-runtime:2.9.0] AndroidManifest.xml:106:13-108:29
215                <action android:name="android.net.conn.CONNECTIVITY_CHANGE" />
215-->[androidx.work:work-runtime:2.9.0] AndroidManifest.xml:107:17-79
215-->[androidx.work:work-runtime:2.9.0] AndroidManifest.xml:107:25-76
216            </intent-filter>
217        </receiver>
218        <receiver
218-->[androidx.work:work-runtime:2.9.0] AndroidManifest.xml:110:9-121:20
219            android:name="androidx.work.impl.background.systemalarm.RescheduleReceiver"
219-->[androidx.work:work-runtime:2.9.0] AndroidManifest.xml:111:13-88
220            android:directBootAware="false"
220-->[androidx.work:work-runtime:2.9.0] AndroidManifest.xml:112:13-44
221            android:enabled="false"
221-->[androidx.work:work-runtime:2.9.0] AndroidManifest.xml:113:13-36
222            android:exported="false" >
222-->[androidx.work:work-runtime:2.9.0] AndroidManifest.xml:114:13-37
223            <intent-filter>
223-->[androidx.work:work-runtime:2.9.0] AndroidManifest.xml:116:13-120:29
224                <action android:name="android.intent.action.BOOT_COMPLETED" />
224-->src\main\AndroidManifest.xml:87:17-79
224-->src\main\AndroidManifest.xml:87:25-76
225                <action android:name="android.intent.action.TIME_SET" />
225-->[androidx.work:work-runtime:2.9.0] AndroidManifest.xml:118:17-73
225-->[androidx.work:work-runtime:2.9.0] AndroidManifest.xml:118:25-70
226                <action android:name="android.intent.action.TIMEZONE_CHANGED" />
226-->[androidx.work:work-runtime:2.9.0] AndroidManifest.xml:119:17-81
226-->[androidx.work:work-runtime:2.9.0] AndroidManifest.xml:119:25-78
227            </intent-filter>
228        </receiver>
229        <receiver
229-->[androidx.work:work-runtime:2.9.0] AndroidManifest.xml:122:9-131:20
230            android:name="androidx.work.impl.background.systemalarm.ConstraintProxyUpdateReceiver"
230-->[androidx.work:work-runtime:2.9.0] AndroidManifest.xml:123:13-99
231            android:directBootAware="false"
231-->[androidx.work:work-runtime:2.9.0] AndroidManifest.xml:124:13-44
232            android:enabled="@bool/enable_system_alarm_service_default"
232-->[androidx.work:work-runtime:2.9.0] AndroidManifest.xml:125:13-72
233            android:exported="false" >
233-->[androidx.work:work-runtime:2.9.0] AndroidManifest.xml:126:13-37
234            <intent-filter>
234-->[androidx.work:work-runtime:2.9.0] AndroidManifest.xml:128:13-130:29
235                <action android:name="androidx.work.impl.background.systemalarm.UpdateProxies" />
235-->[androidx.work:work-runtime:2.9.0] AndroidManifest.xml:129:17-98
235-->[androidx.work:work-runtime:2.9.0] AndroidManifest.xml:129:25-95
236            </intent-filter>
237        </receiver>
238        <receiver
238-->[androidx.work:work-runtime:2.9.0] AndroidManifest.xml:132:9-142:20
239            android:name="androidx.work.impl.diagnostics.DiagnosticsReceiver"
239-->[androidx.work:work-runtime:2.9.0] AndroidManifest.xml:133:13-78
240            android:directBootAware="false"
240-->[androidx.work:work-runtime:2.9.0] AndroidManifest.xml:134:13-44
241            android:enabled="true"
241-->[androidx.work:work-runtime:2.9.0] AndroidManifest.xml:135:13-35
242            android:exported="true"
242-->[androidx.work:work-runtime:2.9.0] AndroidManifest.xml:136:13-36
243            android:permission="android.permission.DUMP" >
243-->[androidx.work:work-runtime:2.9.0] AndroidManifest.xml:137:13-57
244            <intent-filter>
244-->[androidx.work:work-runtime:2.9.0] AndroidManifest.xml:139:13-141:29
245                <action android:name="androidx.work.diagnostics.REQUEST_DIAGNOSTICS" />
245-->[androidx.work:work-runtime:2.9.0] AndroidManifest.xml:140:17-88
245-->[androidx.work:work-runtime:2.9.0] AndroidManifest.xml:140:25-85
246            </intent-filter>
247        </receiver>
248
249        <activity
249-->[com.google.android.gms:play-services-base:18.5.0] AndroidManifest.xml:5:9-173
250            android:name="com.google.android.gms.common.api.GoogleApiActivity"
250-->[com.google.android.gms:play-services-base:18.5.0] AndroidManifest.xml:5:19-85
251            android:exported="false"
251-->[com.google.android.gms:play-services-base:18.5.0] AndroidManifest.xml:5:146-170
252            android:theme="@android:style/Theme.Translucent.NoTitleBar" />
252-->[com.google.android.gms:play-services-base:18.5.0] AndroidManifest.xml:5:86-145
253
254        <meta-data
254-->[com.google.android.gms:play-services-basement:18.4.0] AndroidManifest.xml:6:9-122
255            android:name="com.google.android.gms.version"
255-->[com.google.android.gms:play-services-basement:18.4.0] AndroidManifest.xml:6:20-65
256            android:value="@integer/google_play_services_version" />
256-->[com.google.android.gms:play-services-basement:18.4.0] AndroidManifest.xml:6:66-119
257
258        <uses-library
258-->[androidx.window:window:1.0.0] AndroidManifest.xml:25:9-27:40
259            android:name="androidx.window.extensions"
259-->[androidx.window:window:1.0.0] AndroidManifest.xml:26:13-54
260            android:required="false" />
260-->[androidx.window:window:1.0.0] AndroidManifest.xml:27:13-37
261        <uses-library
261-->[androidx.window:window:1.0.0] AndroidManifest.xml:28:9-30:40
262            android:name="androidx.window.sidecar"
262-->[androidx.window:window:1.0.0] AndroidManifest.xml:29:13-51
263            android:required="false" />
263-->[androidx.window:window:1.0.0] AndroidManifest.xml:30:13-37
264
265        <activity
265-->[com.journeyapps:zxing-android-embedded:4.3.0] AndroidManifest.xml:47:9-53:63
266            android:name="com.journeyapps.barcodescanner.CaptureActivity"
266-->[com.journeyapps:zxing-android-embedded:4.3.0] AndroidManifest.xml:48:13-74
267            android:clearTaskOnLaunch="true"
267-->[com.journeyapps:zxing-android-embedded:4.3.0] AndroidManifest.xml:49:13-45
268            android:screenOrientation="sensorLandscape"
268-->[com.journeyapps:zxing-android-embedded:4.3.0] AndroidManifest.xml:50:13-56
269            android:stateNotNeeded="true"
269-->[com.journeyapps:zxing-android-embedded:4.3.0] AndroidManifest.xml:51:13-42
270            android:theme="@style/zxing_CaptureTheme"
270-->[com.journeyapps:zxing-android-embedded:4.3.0] AndroidManifest.xml:52:13-54
271            android:windowSoftInputMode="stateAlwaysHidden" />
271-->[com.journeyapps:zxing-android-embedded:4.3.0] AndroidManifest.xml:53:13-60
272
273        <receiver
273-->[androidx.profileinstaller:profileinstaller:1.3.1] AndroidManifest.xml:34:9-52:20
274            android:name="androidx.profileinstaller.ProfileInstallReceiver"
274-->[androidx.profileinstaller:profileinstaller:1.3.1] AndroidManifest.xml:35:13-76
275            android:directBootAware="false"
275-->[androidx.profileinstaller:profileinstaller:1.3.1] AndroidManifest.xml:36:13-44
276            android:enabled="true"
276-->[androidx.profileinstaller:profileinstaller:1.3.1] AndroidManifest.xml:37:13-35
277            android:exported="true"
277-->[androidx.profileinstaller:profileinstaller:1.3.1] AndroidManifest.xml:38:13-36
278            android:permission="android.permission.DUMP" >
278-->[androidx.profileinstaller:profileinstaller:1.3.1] AndroidManifest.xml:39:13-57
279            <intent-filter>
279-->[androidx.profileinstaller:profileinstaller:1.3.1] AndroidManifest.xml:40:13-42:29
280                <action android:name="androidx.profileinstaller.action.INSTALL_PROFILE" />
280-->[androidx.profileinstaller:profileinstaller:1.3.1] AndroidManifest.xml:41:17-91
280-->[androidx.profileinstaller:profileinstaller:1.3.1] AndroidManifest.xml:41:25-88
281            </intent-filter>
282            <intent-filter>
282-->[androidx.profileinstaller:profileinstaller:1.3.1] AndroidManifest.xml:43:13-45:29
283                <action android:name="androidx.profileinstaller.action.SKIP_FILE" />
283-->[androidx.profileinstaller:profileinstaller:1.3.1] AndroidManifest.xml:44:17-85
283-->[androidx.profileinstaller:profileinstaller:1.3.1] AndroidManifest.xml:44:25-82
284            </intent-filter>
285            <intent-filter>
285-->[androidx.profileinstaller:profileinstaller:1.3.1] AndroidManifest.xml:46:13-48:29
286                <action android:name="androidx.profileinstaller.action.SAVE_PROFILE" />
286-->[androidx.profileinstaller:profileinstaller:1.3.1] AndroidManifest.xml:47:17-88
286-->[androidx.profileinstaller:profileinstaller:1.3.1] AndroidManifest.xml:47:25-85
287            </intent-filter>
288            <intent-filter>
288-->[androidx.profileinstaller:profileinstaller:1.3.1] AndroidManifest.xml:49:13-51:29
289                <action android:name="androidx.profileinstaller.action.BENCHMARK_OPERATION" />
289-->[androidx.profileinstaller:profileinstaller:1.3.1] AndroidManifest.xml:50:17-95
289-->[androidx.profileinstaller:profileinstaller:1.3.1] AndroidManifest.xml:50:25-92
290            </intent-filter>
291        </receiver>
292
293        <service
293-->[androidx.room:room-runtime:2.5.0] AndroidManifest.xml:24:9-28:63
294            android:name="androidx.room.MultiInstanceInvalidationService"
294-->[androidx.room:room-runtime:2.5.0] AndroidManifest.xml:25:13-74